F23 PROG8080 Section 2
Assignment 3
 

Nov 18 2023  9:59PM
 
 
--- Question 1---
List person number and birth date for the youngest person. Use a subquery to produce your result.
number  birthdate
------- -----------------------
8135170 1952-11-12 00:00:00.000

(1 row affected)

 
--- Question 2---
List the students whose home (permanent) country is USA or Canada, but not from Ontario, Canada. 
Include the student number, last name, first name, province and country in the result. Display the first
20 characters of last name and first name. Order your answer by last name and first name ascending. Use
a subquery to produce your result.
student_number last_name            first_name           province country
-------------- -------------------- -------------------- -------- -------
1352236        COSBY                GENE                 NS       CAN
5123120        FLOYD                YOLANDA              CA       USA
4512125        LAGERBERG            VALERIE              AB       CAN

(3 rows affected)

 
--- Question 3---
List the courses that are offered in the first semester in the ITSS program. Include the course number, 
credit hours, credits, and course name in the result. Order your answer by course number ascending. Use only 
subqueries to produce your answer. The only literal string constant you can use is “ITSS”. Use subqueries to 
produce your result.
Course Number Hours       Credits     Course Name
------------- ----------- ----------- ----------------------------------------------------------------------
COMM1180      45          3           Effective Technical Comunication I
COMP1380      45          3           Advanced User Applications
INFO1570      60          4           Technology Infrastructure: Fundamentals
MATH1910      45          3           Mathematics for IT I
PROG1780      90          6           Programming: Fundamentals

(5 rows affected)

 
--- Question 4---
List the names of the international students who are actively enrolled in any college program that 
leads to a post-graduate certificate. Order the result by student number. Use the literal string constant
credential name “Ontario College Graduate Certificate” as part of your solution. Use subqueries to produce 
your result. Number of rows expected: 32
studentNumber First Name                                         Last Name
------------- -------------------------------------------------- --------------------------------------------------
1448422       SARDAR                                             SINGH
1524560       RAJKUMAR                                           RAYCHAUDHURI
1525872       XIAO-LAN                                           HE
1583129       SURESH                                             GOVINDARAJAN
1741420       ANAND                                              RAJARAMAN
1846682       REN-LIANG                                          HU
2156685       XING                                               FU
2214617       SAYAN                                              KAR
2411767       TONG                                               CAO
3331840       ANANT                                              KUMAR
3583317       SHIBAJI                                            RAHA
3621323       PAN-JUAN                                           LIN
4331740       ZHI-HUA                                            LI
4337333       TADEUSZ                                            TOMASZEWSKI
5383336       SOUMITRO                                           SENGUPTA
5386651       VIVEK                                              LAKSHMANAN
5473160       RAMESH                                             BABU
5561733       LI                                                 ZHANG
5722566       SHU-YING                                           ZENG
6117857       PRAVEER                                            ASTHANA
6148753       ZHONG-LING                                         LIU
6286264       ABBAS                                              RANGWALA
6332381       PENG-CHENG                                         W
6522569       CHIEN                                              GAO
7118532       ZHI-WEN                                            AO
7177611       JIAN-XIN                                           LUO
7381874       VIJAY                                              MUKHI
7424478       Mary                                               Taneja
7561574       GOVIND                                             KARJOL
7758774       JOIA                                               MUKHERJEE
7762586       XAN-XIANG                                          ZHANG
8518680       ALKASUM                                            ABBA
8826646       BIJAN                                              BAJCHI

(33 rows affected)

 
--- Question 5---
Delete the Person record for Mary Taneja. 

(1 row affected)

(2 rows affected)
 
--- Question 6---
Insert a Person record for Mary Taneja. Show all columns for the person record you just added.

(1 row affected)
number  firstName                                          lastName                                           street                                                                           city                           countryCode postalCode mainPhone                      alternatePhone                 collegeEmail                                                                     personalEmail                                                                    birthdate
------- -------------------------------------------------- -------------------------------------------------- -------------------------------------------------------------------------------- ------------------------------ ----------- ---------- ------------------------------ ------------------------------ -------------------------------------------------------------------------------- -------------------------------------------------------------------------------- -----------------------
7424478 Mary                                               Taneja                                             FLAT NO. 206 TRIVENI APARTMENTS PITAM PURA                                       NEW DELHI                      IND         110034     0141-6610242                   94324060195                    mtaneja@conestogac.on.ca                                                         mtaneja@bsnl.co.in                                                               1989-10-07 00:00:00.000

(1 row affected)

 
--- Question 7---
Insert a Student record for Mary Taneja. Show these columns of the student record you just added:
? number, isInternational, academicStatusCode, financialStatusCode ? sequentialNumber, balance, localStreet,
localCity and localPostalCode

(1 row affected)
number  isInternational academicStatusCode financialStatusCode sequentialNumber balance               localStreet                                                                      localCity                      localPostalCode
------- --------------- ------------------ ------------------- ---------------- --------------------- -------------------------------------------------------------------------------- ------------------------------ ---------------
7424478 1               N                  N                   0                1130.00               445 GIBSON ST N                                                                  Kitchener                      N2M 4T4

(1 row affected)

 
--- Question 8---
Inspect the Program table to find the program code for the CAD program. Insert a StudentProgram record 
that puts Mary Taneja in the CAD program. Use the Program code that you looked up. Show studentNumber, programCode,
semester and programStatusCode for Mary Taneja

(1 row affected)
studentNumber programCode semester    programStatusCode
------------- ----------- ----------- -----------------
7424478       0066C       1           A

(1 row affected)

 
--- Question 9---
Inspect the CourseOffering table and find the id for INFO8000 in the Fall 2020 (F20) session.
Insert a CourseStudent record that puts MaryTaneja in INFO8000 in the Fall 2020 session. Use the 
CourseOffering id that you looked up. Show courseOfferingId, studentNumber and finalMark for Mary Taneja.

(1 row affected)
courseOfferingId studentNumber finalMark
---------------- ------------- ----------------------
123              7424478       0

(1 row affected)

 
--- Question 10---
Insert a Course record for LIBS9010. Use a column list in your INSERT statement. Show all columns 
for LIBS9010.

(1 row affected)
number   hours       credits     name                                                                   frenchName
-------- ----------- ----------- ---------------------------------------------------------------------- ----------------------------------------------------------------------
LIBS9010 45          3           Critical Thinking Skills                                               Pensée Critique

(1 row affected)

--- Question 11---
Insert a Course record for BUS9070. Do not use a column list in your INSERT statement. Show all columns 
for BUS9070.

(1 row affected)
number   hours       credits     name                                                                   frenchName
-------- ----------- ----------- ---------------------------------------------------------------------- ----------------------------------------------------------------------
BUS9070  45          3           Introduction To Human Relations                                        Introduction aux relations humaines

(1 row affected)

 
--- Question 12---
Inspect the IncidentalFee table to find the id for the "Technology EnhancementFee". Update the "Technology 
Enhancement Fee" to $100.00. Begin a transaction. Update the "Technology Enhancement Fee" to set amountPerSemester
to $120.00. Rollback the transaction. Show the Technology Enhancement Fee. The amountPerSemester should
revert to the original amount.
id          amountPerSemester     item                                                         frenchItem
----------- --------------------- ------------------------------------------------------------ ------------------------------------------------------------
5           190.00                Technology Enhancement Fee                                   Frais de perfectionnement de la technologie

(1 row affected)

(1 row affected)


(1 row affected)
id          amountPerSemester     item                                                         frenchItem
----------- --------------------- ------------------------------------------------------------ ------------------------------------------------------------
5           100.00                Technology Enhancement Fee                                   Frais de perfectionnement de la technologie

(1 row affected)

 
--- Question 13---
Begin a transaction. Update the Technology Enhancement Fee to set amountPerSemester to $190.00. 
Commit the transaction. Show the Technology Enhancement Fee. The amountPerSemester should be $190.00.

(1 row affected)
id          amountPerSemester     item                                                         frenchItem
----------- --------------------- ------------------------------------------------------------ ------------------------------------------------------------
5           190.00                Technology Enhancement Fee                                   Frais de perfectionnement de la technologie

(1 row affected)


Completion time: 2023-11-18T21:59:07.0281797-05:00
